-------------------------------------------------------------------------------
Test set: br.rs.cassiolinden.test.MovimentacaoTest
-------------------------------------------------------------------------------
Tests run: 3, Failures: 1, Errors: 0, Skipped: 0, Time elapsed: 55.607 sec <<< FAILURE! - in br.rs.cassiolinden.test.MovimentacaoTest
test2_testarTodosCamposObrigatorios(br.rs.cassiolinden.test.MovimentacaoTest)  Time elapsed: 15.695 sec  <<< FAILURE!
java.lang.AssertionError: null
	at org.junit.Assert.fail(Assert.java:86)
	at org.junit.Assert.assertTrue(Assert.java:41)
	at org.junit.Assert.assertTrue(Assert.java:52)
	at br.rs.cassiolinden.test.MovimentacaoTest.test2_testarTodosCamposObrigatorios(MovimentacaoTest.java:46)

